<?xml version="1.0" encoding="UTF-8"?>
<!-- Generated by org.testng.reporters.JUnitReportReporter -->
<testsuite hostname="saranyass" name="testCases.TC001_Login_22Mar2018" tests="1" failures="0" timestamp="22 Mar 2018 06:31:13 GMT" time="0.468" errors="0">
  <testcase name="HDFCLoginWithIciciAmc" time="0.468" classname="testCases.TC001_Login_22Mar2018"/>
</testsuite> <!-- testCases.TC001_Login_22Mar2018 -->
