<?xml version="1.0" encoding="UTF-8"?>
<!-- Generated by org.testng.reporters.JUnitReportReporter -->
<testsuite skipped="0" hostname="suganyan" name="testCases.TC001_Login" tests="1" failures="0" timestamp="07 Mar 2019 06:18:17 GMT" time="202.345" errors="0">
  <testcase name="ICICILoginWithIciciAmc" time="202.345" classname="testCases.TC001_Login"/>
</testsuite> <!-- testCases.TC001_Login -->
